\BOOKMARK [1][-]{section.1}{Audio amplifier}{}% 1
\BOOKMARK [2][-]{subsection.1.1}{Voltage gain and frequency domain - Ideal op. amp.}{section.1}% 2
\BOOKMARK [2][-]{subsection.1.2}{Voltage output waveform - LT1028 op. amp.}{section.1}% 3
\BOOKMARK [3][-]{subsubsection.1.2.1}{Netlist}{subsection.1.2}% 4
\BOOKMARK [3][-]{subsubsection.1.2.2}{Graph}{subsection.1.2}% 5
\BOOKMARK [2][-]{subsection.1.3}{Bode plot - LT1028 op. amp.}{section.1}% 6
\BOOKMARK [3][-]{subsubsection.1.3.1}{Netlist}{subsection.1.3}% 7
\BOOKMARK [3][-]{subsubsection.1.3.2}{Graph}{subsection.1.3}% 8
\BOOKMARK [2][-]{subsection.1.4}{Saturation - LT1028 op. amp.}{section.1}% 9
\BOOKMARK [3][-]{subsubsection.1.4.1}{Output voltage waveform - Vin = 2 |Vin MAX |}{subsection.1.4}% 10
\BOOKMARK [2][-]{subsection.1.5}{Saturation - LT1028 op. amp. - R2 = 109775.2}{section.1}% 11
\BOOKMARK [3][-]{subsubsection.1.5.1}{Output voltage waveform - R2 = 109775.2 - Vin = 2 |Vin MAX |}{subsection.1.5}% 12
\BOOKMARK [2][-]{subsection.1.6}{Power delivered to the amplifier}{section.1}% 13
\BOOKMARK [3][-]{subsubsection.1.6.1}{Case A - R2 = 100k Vin = 2 1.36701V}{subsection.1.6}% 14
\BOOKMARK [3][-]{subsubsection.1.6.2}{Case B - R2 = 109775.2 Vin = 2 1.28091V}{subsection.1.6}% 15
\BOOKMARK [1][-]{section.2}{Band Pass Amplifier}{}% 16
\BOOKMARK [2][-]{subsection.2.1}{Transfer function}{section.2}% 17
\BOOKMARK [2][-]{subsection.2.2}{Determining capacitances and resistances}{section.2}% 18
\BOOKMARK [2][-]{subsection.2.3}{Bode plot}{section.2}% 19
\BOOKMARK [3][-]{subsubsection.2.3.1}{Netlist}{subsection.2.3}% 20
\BOOKMARK [3][-]{subsubsection.2.3.2}{Graph}{subsection.2.3}% 21
\BOOKMARK [2][-]{subsection.2.4}{Output voltage}{section.2}% 22
\BOOKMARK [3][-]{subsubsection.2.4.1}{Vin frequency 10Hz 100Hz}{subsection.2.4}% 23
\BOOKMARK [3][-]{subsubsection.2.4.2}{Vin frequency 1kHz 10kHz 100kHz}{subsection.2.4}% 24
\BOOKMARK [3][-]{subsubsection.2.4.3}{Vin frequency 1MEGHz 10MEGHz 100MEGHz}{subsection.2.4}% 25
