\BOOKMARK [0][-]{chapter.1}{Audio amplifier}{}% 1
\BOOKMARK [1][-]{section.1.1}{Voltage gain and frequency domain - Ideal op. amp.}{chapter.1}% 2
\BOOKMARK [1][-]{section.1.2}{Voltage output waveform - LT1028 op. amp.}{chapter.1}% 3
\BOOKMARK [2][-]{subsection.1.2.1}{Netlist}{section.1.2}% 4
\BOOKMARK [2][-]{subsection.1.2.2}{Graph}{section.1.2}% 5
\BOOKMARK [1][-]{section.1.3}{Bode plot - LT1028 op. amp.}{chapter.1}% 6
\BOOKMARK [2][-]{subsection.1.3.1}{Netlist}{section.1.3}% 7
\BOOKMARK [2][-]{subsection.1.3.2}{Graph}{section.1.3}% 8
\BOOKMARK [1][-]{section.1.4}{Saturation - LT1028 op. amp.}{chapter.1}% 9
\BOOKMARK [2][-]{subsection.1.4.1}{Output voltage waveform - Vin = 2 |Vin MAX |}{section.1.4}% 10
\BOOKMARK [1][-]{section.1.5}{Saturation - LT1028 op. amp. - R2 = 109775.2}{chapter.1}% 11
\BOOKMARK [2][-]{subsection.1.5.1}{Output voltage waveform - R2 = 109775.2 - Vin = 2 |Vin MAX |}{section.1.5}% 12
\BOOKMARK [1][-]{section.1.6}{Power delivered to the amplifier}{chapter.1}% 13
\BOOKMARK [2][-]{subsection.1.6.1}{Case A - R2 = 100k Vin = 2 1.36701V}{section.1.6}% 14
\BOOKMARK [2][-]{subsection.1.6.2}{Case B - R2 = 109775.2 Vin = 2 1.28091V}{section.1.6}% 15
\BOOKMARK [0][-]{chapter.2}{Band Pass Amplifier}{}% 16
\BOOKMARK [1][-]{section.2.1}{Transfer function}{chapter.2}% 17
\BOOKMARK [1][-]{section.2.2}{Determining capacitances and resistances}{chapter.2}% 18
\BOOKMARK [1][-]{section.2.3}{Bode plot}{chapter.2}% 19
\BOOKMARK [2][-]{subsection.2.3.1}{Netlist}{section.2.3}% 20
\BOOKMARK [2][-]{subsection.2.3.2}{Graph}{section.2.3}% 21
\BOOKMARK [1][-]{section.2.4}{Output voltage}{chapter.2}% 22
\BOOKMARK [2][-]{subsection.2.4.1}{Vin frequency 10Hz 100Hz}{section.2.4}% 23
\BOOKMARK [2][-]{subsection.2.4.2}{Vin frequency 1kHz 10kHz 100kHz}{section.2.4}% 24
\BOOKMARK [2][-]{subsection.2.4.3}{Vin frequency 1MEGHz 10MEGHz 100MEGHz}{section.2.4}% 25
\BOOKMARK [0][-]{chapter.3}{Front-end amplifier for resistive bridge with resistometric sensor}{}% 26
\BOOKMARK [1][-]{section.3.1}{Output voltage - Vo}{chapter.3}% 27
\BOOKMARK [1][-]{section.3.2}{Defining R2 and R1}{chapter.3}% 28
\BOOKMARK [1][-]{section.3.3}{Graph of the output voltage - Vo}{chapter.3}% 29
